<?xml version="1.0" encoding="UTF-8"?>
<testsuite name="attributes.AttributeDefinitionTest" tests="11" skipped="0" failures="0" errors="0" timestamp="2026-02-21T04:25:29" hostname="Mac-36.lan" time="0.017">
  <properties/>
  <testcase name="createLong stores an instance with LONG type()" classname="attributes.AttributeDefinitionTest" time="0.01"/>
  <testcase name="createBooleanArray stores an instance with BOOLEAN_ARRAY type()" classname="attributes.AttributeDefinitionTest" time="0.0"/>
  <testcase name="createStringArray stores an instance with STRING_ARRAY type()" classname="attributes.AttributeDefinitionTest" time="0.001"/>
  <testcase name="createString stores an instance with STRING type()" classname="attributes.AttributeDefinitionTest" time="0.0"/>
  <testcase name="createString is idempotent - second call with same name does not overwrite()" classname="attributes.AttributeDefinitionTest" time="0.0"/>
  <testcase name="createBoolean stores an instance with BOOLEAN type()" classname="attributes.AttributeDefinitionTest" time="0.001"/>
  <testcase name="createLongArray stores an instance with LONG_ARRAY type()" classname="attributes.AttributeDefinitionTest" time="0.001"/>
  <testcase name="sensitivity is stored correctly on string attribute()" classname="attributes.AttributeDefinitionTest" time="0.0"/>
  <testcase name="createDoubleArray stores an instance with DOUBLE_ARRAY type()" classname="attributes.AttributeDefinitionTest" time="0.001"/>
  <testcase name="isRequiredForContext is accepted without error()" classname="attributes.AttributeDefinitionTest" time="0.0"/>
  <testcase name="createDouble stores an instance with DOUBLE type()" classname="attributes.AttributeDefinitionTest" time="0.001"/>
  <system-out><![CDATA[]]></system-out>
  <system-err><![CDATA[]]></system-err>
</testsuite>
